<?xml version="1.0" encoding="UTF-8"?>
<!-- Generated by org.testng.reporters.JUnitReportReporter -->
<testsuite hostname="MSI" failures="0" tests="3" name="com.newproject.MavenProject.Sselenium_Pro" time="0.007" errors="0" timestamp="2021-03-31T11:31:05 IST" skipped="0">
  <testcase classname="com.newproject.MavenProject.Sselenium_Pro" name="TC_103" time="0.000"/>
  <system-out/>
  <testcase classname="com.newproject.MavenProject.Sselenium_Pro" name="TC_102" time="0.001"/>
  <system-out/>
  <testcase classname="com.newproject.MavenProject.Sselenium_Pro" name="TC_101" time="0.006"/>
  <system-out/>
</testsuite> <!-- com.newproject.MavenProject.Sselenium_Pro -->
