<?xml version="1.0" encoding="UTF-8"?>
<!-- Generated by org.testng.reporters.JUnitReportReporter -->
<testsuite hostname="MSI" failures="0" tests="3" name="com.newproject.MavenProject.Mobile_Pro" time="0.003" errors="0" timestamp="2021-03-31T11:31:05 IST" skipped="0">
  <testcase classname="com.newproject.MavenProject.Mobile_Pro" name="MB_102" time="0.001"/>
  <system-out/>
  <testcase classname="com.newproject.MavenProject.Mobile_Pro" name="MB_101" time="0.001"/>
  <system-out/>
  <testcase classname="com.newproject.MavenProject.Mobile_Pro" name="MB_103" time="0.001"/>
  <system-out/>
</testsuite> <!-- com.newproject.MavenProject.Mobile_Pro -->
